0 info it worked if it ends with ok
1 verbose cli [ '/usr/local/bin/node',
1 verbose cli   '/usr/local/bin/npm',
1 verbose cli   'install',
1 verbose cli   '-g',
1 verbose cli   'grunt-cli' ]
2 info using npm@1.4.9
3 info using node@v0.10.28
4 verbose cache add [ 'grunt-cli', null ]
5 verbose cache add name=undefined spec="grunt-cli" args=["grunt-cli",null]
6 verbose parsed url { protocol: null,
6 verbose parsed url   slashes: null,
6 verbose parsed url   auth: null,
6 verbose parsed url   host: null,
6 verbose parsed url   port: null,
6 verbose parsed url   hostname: null,
6 verbose parsed url   hash: null,
6 verbose parsed url   search: null,
6 verbose parsed url   query: null,
6 verbose parsed url   pathname: 'grunt-cli',
6 verbose parsed url   path: 'grunt-cli',
6 verbose parsed url   href: 'grunt-cli' }
7 silly lockFile 671ef8ac-grunt-cli grunt-cli
8 verbose lock grunt-cli /home/yarnaudov/.npm/671ef8ac-grunt-cli.lock
9 silly lockFile 671ef8ac-grunt-cli grunt-cli
10 silly lockFile 671ef8ac-grunt-cli grunt-cli
11 verbose addNamed [ 'grunt-cli', '' ]
12 verbose addNamed [ null, '*' ]
13 silly lockFile d63f3d0b-grunt-cli grunt-cli@
14 verbose lock grunt-cli@ /home/yarnaudov/.npm/d63f3d0b-grunt-cli.lock
15 silly addNameRange { name: 'grunt-cli', range: '*', hasData: false }
16 verbose url raw grunt-cli
17 verbose url resolving [ 'https://registry.npmjs.org/', './grunt-cli' ]
18 verbose url resolved https://registry.npmjs.org/grunt-cli
19 info trying registry request attempt 1 at 14:44:16
20 http GET https://registry.npmjs.org/grunt-cli
21 http 200 https://registry.npmjs.org/grunt-cli
22 silly registry.get cb [ 200,
22 silly registry.get   { server: 'CouchDB/1.5.0 (Erlang OTP/R16B03)',
22 silly registry.get     etag: '"2CAHK3Q2AC2FWHJAN98LPSCUC"',
22 silly registry.get     'content-type': 'application/json',
22 silly registry.get     'cache-control': 'max-age=60',
22 silly registry.get     'content-length': '21582',
22 silly registry.get     'accept-ranges': 'bytes',
22 silly registry.get     date: 'Fri, 18 Sep 2015 11:44:16 GMT',
22 silly registry.get     via: '1.1 varnish',
22 silly registry.get     age: '21',
22 silly registry.get     connection: 'keep-alive',
22 silly registry.get     'x-served-by': 'cache-lcy1120-LCY',
22 silly registry.get     'x-cache': 'HIT',
22 silly registry.get     'x-cache-hits': '1',
22 silly registry.get     'x-timer': 'S1442576656.950678,VS0,VE0',
22 silly registry.get     vary: 'Accept' } ]
23 silly addNameRange number 2 { name: 'grunt-cli', range: '*', hasData: true }
24 silly addNameRange versions [ 'grunt-cli',
24 silly addNameRange   [ '0.1.0',
24 silly addNameRange     '0.1.1',
24 silly addNameRange     '0.1.2',
24 silly addNameRange     '0.1.3',
24 silly addNameRange     '0.1.4',
24 silly addNameRange     '0.1.5',
24 silly addNameRange     '0.1.6',
24 silly addNameRange     '0.1.7',
24 silly addNameRange     '0.1.8',
24 silly addNameRange     '0.1.9',
24 silly addNameRange     '0.1.10',
24 silly addNameRange     '0.1.11',
24 silly addNameRange     '0.1.12',
24 silly addNameRange     '0.1.13' ] ]
25 verbose addNamed [ 'grunt-cli', '0.1.13' ]
26 verbose addNamed [ '0.1.13', '0.1.13' ]
27 silly lockFile 28997503-grunt-cli-0-1-13 grunt-cli@0.1.13
28 verbose lock grunt-cli@0.1.13 /home/yarnaudov/.npm/28997503-grunt-cli-0-1-13.lock
29 silly lockFile ab76c46e-g-grunt-cli-grunt-cli-0-1-13-tgz https://registry.npmjs.org/grunt-cli/-/grunt-cli-0.1.13.tgz
30 verbose lock https://registry.npmjs.org/grunt-cli/-/grunt-cli-0.1.13.tgz /home/yarnaudov/.npm/ab76c46e-g-grunt-cli-grunt-cli-0-1-13-tgz.lock
31 verbose addRemoteTarball [ 'https://registry.npmjs.org/grunt-cli/-/grunt-cli-0.1.13.tgz',
31 verbose addRemoteTarball   'e9ebc4047631f5012d922770c39378133cad10f4' ]
32 info retry fetch attempt 1 at 14:44:17
33 verbose fetch to= /home/yarnaudov/tmp/npm-22971-LPjvREaU/1442576657055-0.5744376934599131/tmp.tgz
34 http GET https://registry.npmjs.org/grunt-cli/-/grunt-cli-0.1.13.tgz
35 http 200 https://registry.npmjs.org/grunt-cli/-/grunt-cli-0.1.13.tgz
36 verbose tar unpack /home/yarnaudov/tmp/npm-22971-LPjvREaU/1442576657055-0.5744376934599131/tmp.tgz
37 silly lockFile fd35bb99-dov-npm-grunt-cli-0-1-13-package tar:///home/yarnaudov/.npm/grunt-cli/0.1.13/package
38 verbose lock tar:///home/yarnaudov/.npm/grunt-cli/0.1.13/package /home/yarnaudov/.npm/fd35bb99-dov-npm-grunt-cli-0-1-13-package.lock
39 silly lockFile 24162dbc-57055-0-5744376934599131-tmp-tgz tar:///home/yarnaudov/tmp/npm-22971-LPjvREaU/1442576657055-0.5744376934599131/tmp.tgz
40 verbose lock tar:///home/yarnaudov/tmp/npm-22971-LPjvREaU/1442576657055-0.5744376934599131/tmp.tgz /home/yarnaudov/.npm/24162dbc-57055-0-5744376934599131-tmp-tgz.lock
41 silly gunzTarPerm modes [ '755', '644' ]
42 silly gunzTarPerm extractEntry package.json
43 silly gunzTarPerm extractEntry .npmignore
44 silly gunzTarPerm extractEntry README.md
45 silly gunzTarPerm extractEntry Gruntfile.js
46 silly gunzTarPerm extractEntry .travis.yml
47 silly gunzTarPerm extractEntry AUTHORS
48 silly gunzTarPerm extractEntry LICENSE-MIT
49 silly gunzTarPerm extractEntry bin/grunt
50 silly gunzTarPerm extractEntry completion/bash
51 silly gunzTarPerm extractEntry completion/zsh
52 silly gunzTarPerm extractEntry lib/cli.js
53 silly gunzTarPerm extractEntry lib/completion.js
54 silly gunzTarPerm extractEntry lib/info.js
55 silly lockFile fd35bb99-dov-npm-grunt-cli-0-1-13-package tar:///home/yarnaudov/.npm/grunt-cli/0.1.13/package
56 silly lockFile fd35bb99-dov-npm-grunt-cli-0-1-13-package tar:///home/yarnaudov/.npm/grunt-cli/0.1.13/package
57 silly lockFile 24162dbc-57055-0-5744376934599131-tmp-tgz tar:///home/yarnaudov/tmp/npm-22971-LPjvREaU/1442576657055-0.5744376934599131/tmp.tgz
58 silly lockFile 24162dbc-57055-0-5744376934599131-tmp-tgz tar:///home/yarnaudov/tmp/npm-22971-LPjvREaU/1442576657055-0.5744376934599131/tmp.tgz
59 silly lockFile ab76c46e-g-grunt-cli-grunt-cli-0-1-13-tgz https://registry.npmjs.org/grunt-cli/-/grunt-cli-0.1.13.tgz
60 silly lockFile ab76c46e-g-grunt-cli-grunt-cli-0-1-13-tgz https://registry.npmjs.org/grunt-cli/-/grunt-cli-0.1.13.tgz
61 silly lockFile 28997503-grunt-cli-0-1-13 grunt-cli@0.1.13
62 silly lockFile 28997503-grunt-cli-0-1-13 grunt-cli@0.1.13
63 silly lockFile d63f3d0b-grunt-cli grunt-cli@
64 silly lockFile d63f3d0b-grunt-cli grunt-cli@
65 silly resolved [ { name: 'grunt-cli',
65 silly resolved     description: 'The grunt command line interface.',
65 silly resolved     version: '0.1.13',
65 silly resolved     author: { name: 'Grunt Team' },
65 silly resolved     homepage: 'http://gruntjs.com/',
65 silly resolved     repository: { type: 'git', url: 'git://github.com/gruntjs/grunt-cli.git' },
65 silly resolved     bugs: { url: 'http://github.com/gruntjs/grunt-cli/issues' },
65 silly resolved     licenses: [ [Object] ],
65 silly resolved     bin: { grunt: 'bin/grunt' },
65 silly resolved     engines: { node: '>= 0.8.0' },
65 silly resolved     scripts: { test: 'node bin/grunt test' },
65 silly resolved     preferGlobal: true,
65 silly resolved     dependencies: { nopt: '~1.0.10', 'findup-sync': '~0.1.0', resolve: '~0.3.1' },
65 silly resolved     devDependencies: { grunt: '~0.4.0', 'grunt-contrib-jshint': '~0.2.0' },
65 silly resolved     contributors: [ [Object], [Object], [Object], [Object] ],
65 silly resolved     readme: '# grunt-cli [![Build Status](https://secure.travis-ci.org/gruntjs/grunt-cli.png?branch=master)](http://travis-ci.org/gruntjs/grunt-cli)\n> The Grunt command line interface.\n\nInstall this globally and you\'ll have access to the `grunt` command anywhere on your system.\n\n```shell\nnpm install -g grunt-cli\n```\n\n**Note:** The job of the `grunt` command is to load and run the version of Grunt you have installed locally to your project, irrespective of its version.  Starting with Grunt v0.4, you should never install Grunt itself globally.  For more information about why, [please read this](http://blog.nodejs.org/2011/03/23/npm-1-0-global-vs-local-installation).\n\nSee the [Getting Started](http://gruntjs.com/getting-started) guide for more information.\n\n## Shell tab auto-completion\nTo enable tab auto-completion for Grunt, add one of the following lines to your `~/.bashrc` or `~/.zshrc` file.\n\n```bash\n# Bash, ~/.bashrc\neval "$(grunt --completion=bash)"\n```\n\n```bash\n# Zsh, ~/.zshrc\neval "$(grunt --completion=zsh)"\n```\n\n## Installing grunt-cli locally\nIf you prefer the idiomatic Node.js method to get started with a project (`npm install && npm test`) then install grunt-cli locally with `npm install grunt-cli --save-dev`. Then add a script to your `package.json` to run the associated grunt command: `"scripts": { "test": "grunt test" } `. Now `npm test` will use the locally installed `./node_modules/.bin/grunt` executable to run your Grunt commands.\n\nTo read more about npm scripts, please visit the npm docs: [https://npmjs.org/doc/misc/npm-scripts.html](https://npmjs.org/doc/misc/npm-scripts.html).\n',
65 silly resolved     readmeFilename: 'README.md',
65 silly resolved     _id: 'grunt-cli@0.1.13',
65 silly resolved     _shasum: 'e9ebc4047631f5012d922770c39378133cad10f4',
65 silly resolved     _from: 'grunt-cli@',
65 silly resolved     _resolved: 'https://registry.npmjs.org/grunt-cli/-/grunt-cli-0.1.13.tgz' } ]
66 info install grunt-cli@0.1.13 into /usr/local/lib
67 info installOne grunt-cli@0.1.13
68 info /usr/local/lib/node_modules/grunt-cli unbuild
69 info preuninstall grunt-cli@0.1.13
70 info uninstall grunt-cli@0.1.13
71 verbose true,/usr/local/lib/node_modules,/usr/local/lib/node_modules unbuild grunt-cli@0.1.13
72 verbose /usr/local/bin,[object Object] binRoot
73 info /usr/local/lib/node_modules/grunt-cli unbuild
74 info preuninstall grunt-cli@0.1.13
75 info uninstall grunt-cli@0.1.13
76 verbose true,/usr/local/lib/node_modules,/usr/local/lib/node_modules unbuild grunt-cli@0.1.13
77 verbose /usr/local/bin,[object Object] binRoot
78 error error rolling back Error: EACCES, unlink '/usr/local/bin/grunt'
78 error error rolling back  grunt-cli@0.1.13 { [Error: EACCES, unlink '/usr/local/bin/grunt'] errno: 3, code: 'EACCES', path: '/usr/local/bin/grunt' }
79 error Error: EACCES, unlink '/usr/local/bin/grunt'
79 error  { [Error: EACCES, unlink '/usr/local/bin/grunt'] errno: 3, code: 'EACCES', path: '/usr/local/bin/grunt' }
80 error Please try running this command again as root/Administrator.
81 error System Linux 3.14.27-100.fc19.x86_64
82 error command "/usr/local/bin/node" "/usr/local/bin/npm" "install" "-g" "grunt-cli"
83 error cwd /home/yarnaudov/gitprojects/fuelphp
84 error node -v v0.10.28
85 error npm -v 1.4.9
86 error path /usr/local/bin/grunt
87 error code EACCES
88 error errno 3
89 error stack Error: EACCES, unlink '/usr/local/bin/grunt'
90 verbose exit [ 3, true ]
